{
  "RSpec": {
    "coverage": {
      "/home/Bibraj96/tic-tac-toe-rb-online-web-sp-000/lib/tic_tac_toe.rb": [
        null,
        1,
        null,
        null,
        null,
        null,
        null,
        null,
        null,
        null,
        null,
        1,
        24,
        24,
        24,
        24,
        24,
        null,
        null,
        1,
        23,
        null,
        null,
        1,
        22,
        null,
        null,
        1,
        25,
        null,
        null,
        1,
        23,
        null,
        null,
        1,
        20,
        20,
        20,
        20,
        19,
        19,
        19,
        null,
        1,
        null,
        null,
        null,
        1,
        21,
        21,
        189,
        31,
        null,
        null,
        21,
        null,
        null,
        1,
        20,
        20,
        14,
        null,
        6,
        null,
        20,
        null,
        null,
        1,
        58,
        396,
        396,
        396,
        null,
        396,
        396,
        396,
        null,
        396,
        14,
        382,
        4,
        null,
        null,
        40,
        null,
        null,
        1,
        142,
        null,
        null,
        1,
        14,
        1,
        null,
        13,
        null,
        null,
        null,
        1,
        21,
        10,
        null,
        11,
        null,
        null,
        null,
        1,
        3,
        3,
        3,
        null,
        2,
        1,
        null,
        1,
        null,
        null,
        null,
        1,
        12,
        17,
        null,
        null,
        12,
        1,
        11,
        0,
        null,
        11,
        null,
        null
      ]
    },
    "timestamp": 1584638597
  }
}
